INFO:2025-11-24 02:11:03,986:[outliers.py:197 -       outliers_main() ] Filtering blacklist peaks ...
INFO:2025-11-24 02:11:03,988:[outliers.py:198 -       outliers_main() ] old size 2586
INFO:2025-11-24 02:11:06,863:[outliers.py:200 -       outliers_main() ] new size 2584
INFO:2025-11-24 02:11:06,951:[outliers.py:221 -       outliers_main() ] Computing counts for each peak
INFO:2025-11-24 02:11:14,810:[outliers.py:245 -       outliers_main() ] 0.99 quantile 328.0
INFO:2025-11-24 02:11:14,813:[outliers.py:249 -       outliers_main() ] quantile idx 2557
INFO:2025-11-24 02:11:14,813:[outliers.py:253 -       outliers_main() ] scaled_value 393.59999999999997
INFO:2025-11-24 02:11:14,813:[outliers.py:259 -       outliers_main() ] max_idx 2569
INFO:2025-11-24 02:11:14,813:[outliers.py:262 -       outliers_main() ] original size 2584
INFO:2025-11-24 02:11:14,814:[outliers.py:264 -       outliers_main() ] new size 2569
INFO:2025-11-24 02:11:14,814:[outliers.py:270 -       outliers_main() ] Saving output bed file ... results/p53_WT/data/peaks_inliers.bed
INFO:2025-11-24 02:50:41,949:[outliers.py:197 -       outliers_main() ] Filtering blacklist peaks ...
INFO:2025-11-24 02:50:41,957:[outliers.py:198 -       outliers_main() ] old size 2586
INFO:2025-11-24 02:50:44,949:[outliers.py:200 -       outliers_main() ] new size 2584
INFO:2025-11-24 02:50:44,949:[outliers.py:221 -       outliers_main() ] Computing counts for each peak
INFO:2025-11-24 02:50:46,120:[outliers.py:245 -       outliers_main() ] 0.99 quantile 328.0
INFO:2025-11-24 02:50:46,123:[outliers.py:249 -       outliers_main() ] quantile idx 2557
INFO:2025-11-24 02:50:46,123:[outliers.py:253 -       outliers_main() ] scaled_value 393.59999999999997
INFO:2025-11-24 02:50:46,123:[outliers.py:259 -       outliers_main() ] max_idx 2569
INFO:2025-11-24 02:50:46,123:[outliers.py:262 -       outliers_main() ] original size 2584
INFO:2025-11-24 02:50:46,124:[outliers.py:264 -       outliers_main() ] new size 2569
INFO:2025-11-24 02:50:46,124:[outliers.py:270 -       outliers_main() ] Saving output bed file ... results/p53_WT/data/peaks_inliers.bed
INFO:2025-11-26 19:22:28,732:[outliers.py:197 -       outliers_main() ] Filtering blacklist peaks ...
INFO:2025-11-26 19:22:28,742:[outliers.py:198 -       outliers_main() ] old size 491
INFO:2025-11-26 19:22:29,529:[outliers.py:200 -       outliers_main() ] new size 462
INFO:2025-11-26 19:22:29,619:[outliers.py:221 -       outliers_main() ] Computing counts for each peak
INFO:2025-11-26 19:22:33,026:[outliers.py:245 -       outliers_main() ] 0.99 quantile 4359.069999999992
INFO:2025-11-26 19:22:33,028:[outliers.py:249 -       outliers_main() ] quantile idx 456
INFO:2025-11-26 19:22:33,028:[outliers.py:253 -       outliers_main() ] scaled_value 4967.4
INFO:2025-11-26 19:22:33,029:[outliers.py:259 -       outliers_main() ] max_idx 458
INFO:2025-11-26 19:22:33,029:[outliers.py:262 -       outliers_main() ] original size 462
INFO:2025-11-26 19:22:33,029:[outliers.py:264 -       outliers_main() ] new size 458
INFO:2025-11-26 19:22:33,030:[outliers.py:270 -       outliers_main() ] Saving output bed file ... results/p53_KO/data/peaks_inliers.bed
